c:\users\joshu\downloads\game211_studenttemplate_main_2\midstone_game\game211_studenttemplate\debug\vc143.pdb
c:\users\joshu\downloads\game211_studenttemplate_main_2\midstone_game\game211_studenttemplate\debug\vc143.idb
c:\users\joshu\downloads\game211_studenttemplate_main_2\midstone_game\game211_studenttemplate\debug\window.obj
c:\users\joshu\downloads\game211_studenttemplate_main_2\midstone_game\game211_studenttemplate\debug\timer.obj
c:\users\joshu\downloads\game211_studenttemplate_main_2\midstone_game\game211_studenttemplate\debug\chunkhandler.obj
c:\users\joshu\downloads\game211_studenttemplate_main_2\midstone_game\game211_studenttemplate\debug\chunk.obj
c:\users\joshu\downloads\game211_studenttemplate_main_2\midstone_game\game211_studenttemplate\debug\scene1.obj
c:\users\joshu\downloads\game211_studenttemplate_main_2\midstone_game\game211_studenttemplate\debug\playerbody.obj
c:\users\joshu\downloads\game211_studenttemplate_main_2\midstone_game\game211_studenttemplate\debug\main.obj
c:\users\joshu\downloads\game211_studenttemplate_main_2\midstone_game\game211_studenttemplate\debug\gamemanager.obj
c:\users\joshu\downloads\game211_studenttemplate_main_2\midstone_game\game211_studenttemplate\debug\body.obj
c:\users\joshu\downloads\game211_studenttemplate_main_2\midstone_game\game211_studenttemplate\debug\menuscene.obj
c:\users\joshu\downloads\game211_studenttemplate_main_2\midstone_game\debug\game211_studenttemplate.exe
c:\users\joshu\downloads\game211_studenttemplate_main_2\midstone_game\debug\game211_studenttemplate.pdb
c:\users\joshu\downloads\game211_studenttemplate_main_2\midstone_game\game211_studenttemplate\debug\game211_studenttemplate.ilk
c:\users\joshu\downloads\game211_studenttemplate_main_2\midstone_game\game211_studenttemplate\debug\button.obj
c:\users\joshu\downloads\game211_studenttemplate_main_2\midstone_game\game211_studenttemplate\debug\gameobject.obj
c:\users\joshu\downloads\game211_studenttemplate_main_2\midstone_game\game211_studenttemplate\debug\scene2.obj
c:\users\joshu\downloads\game211_studenttemplate_main_2\midstone_game\game211_studenttemplate\debug\game211_.175479cc.tlog\cl.command.1.tlog
c:\users\joshu\downloads\game211_studenttemplate_main_2\midstone_game\game211_studenttemplate\debug\game211_.175479cc.tlog\cl.items.tlog
c:\users\joshu\downloads\game211_studenttemplate_main_2\midstone_game\game211_studenttemplate\debug\game211_.175479cc.tlog\cl.read.1.tlog
c:\users\joshu\downloads\game211_studenttemplate_main_2\midstone_game\game211_studenttemplate\debug\game211_.175479cc.tlog\cl.write.1.tlog
c:\users\joshu\downloads\game211_studenttemplate_main_2\midstone_game\game211_studenttemplate\debug\game211_.175479cc.tlog\link.command.1.tlog
c:\users\joshu\downloads\game211_studenttemplate_main_2\midstone_game\game211_studenttemplate\debug\game211_.175479cc.tlog\link.read.1.tlog
c:\users\joshu\downloads\game211_studenttemplate_main_2\midstone_game\game211_studenttemplate\debug\game211_.175479cc.tlog\link.secondary.1.tlog
c:\users\joshu\downloads\game211_studenttemplate_main_2\midstone_game\game211_studenttemplate\debug\game211_.175479cc.tlog\link.write.1.tlog
